<?xml version="1.0" encoding="UTF-8"?>
<coverage generated="1780486782564" clover="3.2.0">
  <project timestamp="1780486782564" name="All files">
    <metrics statements="27" coveredstatements="25" conditionals="8" coveredconditionals="7" methods="7" coveredmethods="6" elements="42" coveredelements="38" complexity="0" loc="27" ncloc="27" packages="1" files="1" classes="1"/>
    <file name="app.js" path="/home/douglas/VSCodeProjects/ci-cd-lab/app.js">
      <metrics statements="27" coveredstatements="25" conditionals="8" coveredconditionals="7" methods="7" coveredmethods="6"/>
      <line num="1" count="1" type="stmt"/>
      <line num="3" count="1" type="stmt"/>
      <line num="5" count="1" type="stmt"/>
      <line num="10" count="1" type="stmt"/>
      <line num="15" count="1" type="stmt"/>
      <line num="16" count="1" type="stmt"/>
      <line num="22" count="1" type="stmt"/>
      <line num="23" count="1" type="stmt"/>
      <line num="31" count="1" type="stmt"/>
      <line num="32" count="1" type="stmt"/>
      <line num="38" count="1" type="stmt"/>
      <line num="39" count="2" type="stmt"/>
      <line num="41" count="2" type="cond" truecount="2" falsecount="0"/>
      <line num="42" count="1" type="stmt"/>
      <line num="47" count="1" type="stmt"/>
      <line num="53" count="1" type="stmt"/>
      <line num="54" count="2" type="stmt"/>
      <line num="56" count="2" type="cond" truecount="2" falsecount="0"/>
      <line num="57" count="1" type="stmt"/>
      <line num="62" count="1" type="stmt"/>
      <line num="67" count="1" type="stmt"/>
      <line num="69" count="1" type="stmt"/>
      <line num="76" count="1" type="cond" truecount="2" falsecount="0"/>
      <line num="77" count="1" type="cond" truecount="1" falsecount="1"/>
      <line num="78" count="0" type="stmt"/>
      <line num="79" count="0" type="stmt"/>
      <line num="86" count="1" type="stmt"/>
    </file>
  </project>
</coverage>
