{"/home/douglas/VSCodeProjects/ci-cd-lab/app.js": {"path":"/home/douglas/VSCodeProjects/ci-cd-lab/app.js","statementMap":{"0":{"start":{"line":1,"column":16},"end":{"line":1,"column":34}},"1":{"start":{"line":3,"column":12},"end":{"line":3,"column":21}},"2":{"start":{"line":5,"column":0},"end":{"line":5,"column":24}},"3":{"start":{"line":10,"column":15},"end":{"line":10,"column":43}},"4":{"start":{"line":15,"column":0},"end":{"line":17,"column":3}},"5":{"start":{"line":16,"column":2},"end":{"line":16,"column":49}},"6":{"start":{"line":22,"column":0},"end":{"line":26,"column":3}},"7":{"start":{"line":23,"column":2},"end":{"line":25,"column":5}},"8":{"start":{"line":31,"column":0},"end":{"line":33,"column":3}},"9":{"start":{"line":32,"column":2},"end":{"line":32,"column":21}},"10":{"start":{"line":38,"column":0},"end":{"line":48,"column":3}},"11":{"start":{"line":39,"column":18},"end":{"line":39,"column":72}},"12":{"start":{"line":39,"column":39},"end":{"line":39,"column":71}},"13":{"start":{"line":41,"column":2},"end":{"line":45,"column":3}},"14":{"start":{"line":42,"column":4},"end":{"line":44,"column":7}},"15":{"start":{"line":47,"column":2},"end":{"line":47,"column":20}},"16":{"start":{"line":53,"column":0},"end":{"line":70,"column":3}},"17":{"start":{"line":54,"column":19},"end":{"line":54,"column":27}},"18":{"start":{"line":56,"column":2},"end":{"line":60,"column":3}},"19":{"start":{"line":57,"column":4},"end":{"line":59,"column":7}},"20":{"start":{"line":62,"column":22},"end":{"line":65,"column":3}},"21":{"start":{"line":67,"column":2},"end":{"line":67,"column":29}},"22":{"start":{"line":69,"column":2},"end":{"line":69,"column":36}},"23":{"start":{"line":76,"column":13},"end":{"line":76,"column":37}},"24":{"start":{"line":77,"column":0},"end":{"line":81,"column":1}},"25":{"start":{"line":78,"column":2},"end":{"line":80,"column":5}},"26":{"start":{"line":79,"column":4},"end":{"line":79,"column":54}},"27":{"start":{"line":86,"column":0},"end":{"line":86,"column":21}}},"fnMap":{"0":{"name":"(anonymous_0)","decl":{"start":{"line":15,"column":13},"end":{"line":15,"column":14}},"loc":{"start":{"line":15,"column":27},"end":{"line":17,"column":1}},"line":15},"1":{"name":"(anonymous_1)","decl":{"start":{"line":22,"column":19},"end":{"line":22,"column":20}},"loc":{"start":{"line":22,"column":33},"end":{"line":26,"column":1}},"line":22},"2":{"name":"(anonymous_2)","decl":{"start":{"line":31,"column":21},"end":{"line":31,"column":22}},"loc":{"start":{"line":31,"column":35},"end":{"line":33,"column":1}},"line":31},"3":{"name":"(anonymous_3)","decl":{"start":{"line":38,"column":25},"end":{"line":38,"column":26}},"loc":{"start":{"line":38,"column":39},"end":{"line":48,"column":1}},"line":38},"4":{"name":"(anonymous_4)","decl":{"start":{"line":39,"column":32},"end":{"line":39,"column":33}},"loc":{"start":{"line":39,"column":39},"end":{"line":39,"column":71}},"line":39},"5":{"name":"(anonymous_5)","decl":{"start":{"line":53,"column":22},"end":{"line":53,"column":23}},"loc":{"start":{"line":53,"column":36},"end":{"line":70,"column":1}},"line":53},"6":{"name":"(anonymous_6)","decl":{"start":{"line":78,"column":19},"end":{"line":78,"column":20}},"loc":{"start":{"line":78,"column":25},"end":{"line":80,"column":3}},"line":78}},"branchMap":{"0":{"loc":{"start":{"line":41,"column":2},"end":{"line":45,"column":3}},"type":"if","locations":[{"start":{"line":41,"column":2},"end":{"line":45,"column":3}},{"start":{},"end":{}}],"line":41},"1":{"loc":{"start":{"line":56,"column":2},"end":{"line":60,"column":3}},"type":"if","locations":[{"start":{"line":56,"column":2},"end":{"line":60,"column":3}},{"start":{},"end":{}}],"line":56},"2":{"loc":{"start":{"line":76,"column":13},"end":{"line":76,"column":37}},"type":"binary-expr","locations":[{"start":{"line":76,"column":13},"end":{"line":76,"column":29}},{"start":{"line":76,"column":33},"end":{"line":76,"column":37}}],"line":76},"3":{"loc":{"start":{"line":77,"column":0},"end":{"line":81,"column":1}},"type":"if","locations":[{"start":{"line":77,"column":0},"end":{"line":81,"column":1}},{"start":{},"end":{}}],"line":77}},"s":{"0":1,"1":1,"2":1,"3":1,"4":1,"5":1,"6":1,"7":1,"8":1,"9":1,"10":1,"11":2,"12":2,"13":2,"14":1,"15":1,"16":1,"17":2,"18":2,"19":1,"20":1,"21":1,"22":1,"23":1,"24":1,"25":0,"26":0,"27":1},"f":{"0":1,"1":1,"2":1,"3":2,"4":2,"5":2,"6":0},"b":{"0":[1,1],"1":[1,1],"2":[1,1],"3":[0,1]},"_coverageSchema":"1a1c01bbd47fc00a2c39e90264f33305004495a9","hash":"40e6db27bf5959f85473fdebc3fa81f6024a5129"}
}
