TN:
SF:app.js
FN:15,(anonymous_0)
FN:22,(anonymous_1)
FN:31,(anonymous_2)
FN:38,(anonymous_3)
FN:39,(anonymous_4)
FN:53,(anonymous_5)
FN:78,(anonymous_6)
FNF:7
FNH:6
FNDA:1,(anonymous_0)
FNDA:1,(anonymous_1)
FNDA:1,(anonymous_2)
FNDA:2,(anonymous_3)
FNDA:2,(anonymous_4)
FNDA:2,(anonymous_5)
FNDA:0,(anonymous_6)
DA:1,1
DA:3,1
DA:5,1
DA:10,1
DA:15,1
DA:16,1
DA:22,1
DA:23,1
DA:31,1
DA:32,1
DA:38,1
DA:39,2
DA:41,2
DA:42,1
DA:47,1
DA:53,1
DA:54,2
DA:56,2
DA:57,1
DA:62,1
DA:67,1
DA:69,1
DA:76,1
DA:77,1
DA:78,0
DA:79,0
DA:86,1
LF:27
LH:25
BRDA:41,0,0,1
BRDA:41,0,1,1
BRDA:56,1,0,1
BRDA:56,1,1,1
BRDA:76,2,0,1
BRDA:76,2,1,1
BRDA:77,3,0,0
BRDA:77,3,1,1
BRF:8
BRH:7
end_of_record
